{"name": "Создание заказа без авторизации", "status": "failed", "statusDetails": {"message": "AssertionError: assert 200 == 401\n +  where 200 = <Response [200]>.status_code", "trace": "self = <Diplom_2.tests.test_create_order.TestCreateOrder object at 0x00000203BBC11F90>\n\n    @allure.title('Создание заказа без авторизации')\n    def test_create_order_unauthorized(self):\n        response = self.api.create_order(self.valid_ingredients)\n>       assert response.status_code == 401\nE       assert 200 == 401\nE        +  where 200 = <Response [200]>.status_code\n\ntests\\test_create_order.py:31: AssertionError"}, "start": 1751988277421, "stop": 1751988277633, "uuid": "c1de3617-9963-4e42-9464-23a316b1bf58", "historyId": "dfdb787a88b19dde126765961d26bba6", "testCaseId": "dfdb787a88b19dde126765961d26bba6", "fullName": "tests.test_create_order.TestCreateOrder#test_create_order_unauthorized", "labels": [{"name": "feature", "value": "Создание заказа"}, {"name": "parentSuite", "value": "tests"}, {"name": "suite", "value": "test_create_order"}, {"name": "subSuite", "value": "TestCreateOrder"}, {"name": "host", "value": "DESKTOP-42BDC19"}, {"name": "thread", "value": "23912-MainThread"}, {"name": "framework", "value": "pytest"}, {"name": "language", "value": "cpython3"}, {"name": "package", "value": "tests.test_create_order"}]}